start_object(elements=18446744073709551615)
key(val=Image)
start_object(elements=18446744073709551615)
key(val=Width)
number_unsigned(val=800)
key(val=Height)
number_unsigned(val=600)
key(val=Title)
string(val=View from 15th Floor)
key(val=Thumbnail)
start_object(elements=18446744073709551615)
key(val=Url)
string(val=http://www.example.com/image/481989943)
key(val=Height)
number_unsigned(val=125)
key(val=Width)
number_unsigned(val=100)
end_object()
key(val=Animated)
boolean(val=false)
key(val=IDs)
start_array(elements=18446744073709551615)
number_unsigned(val=116)
number_unsigned(val=943)
number_unsigned(val=234)
number_integer(val=-38793)
end_array()
key(val=DeletionDate)
null()
key(val=Distance)
number_float(val=12.723375, s=12.723374634)
end_object()
end_object()
parse_error(position=460, last_token=12.723374634<U+000A>        }<U+000A>    }],
            ex=[json.exception.parse_error.101] parse error at line 17, column 6: syntax error while parsing value - unexpected ']'; expected end of input)

result: false
